C51 COMPILER V9.60.0.0   SERIAL                                                            01/03/2021 16:07:47 PAGE 1   


C51 COMPILER V9.60.0.0, COMPILATION OF MODULE SERIAL
OBJECT MODULE PLACED IN .\Objects\Serial.obj
COMPILER INVOKED BY: D:\Program Files (x86)\kwil 5\C51\BIN\C51.EXE Lib\SRC\Serial.c OPTIMIZE(8,SPEED) BROWSE INCDIR(.\Li
                    -b\INC;.\Lib\INC\STC) DEBUG OBJECTEXTEND PRINT(.\Listings\Serial.lst) OBJECT(.\Objects\Serial.obj)

line level    source

   1          #include "Serial.h"
   2          #include "LED.h"
   3          
   4          uchar rand_SBUF;
   5          uchar flag;
   6          
   7          void Serial_Init()
   8          {
   9   1          TMOD = 0x20;
  10   1      
  11   1          SCON = 0x50;
  12   1      
  13   1          PCON = 0x80;
  14   1          
  15   1          TH1 = 0xFF;
  16   1          TL1 = TH1;
  17   1      
  18   1          TR1 = 1;//启动定时器1
  19   1      
  20   1          ES = 1;
  21   1          EA = 1;
  22   1          ET1 = 0;
  23   1      }
  24          
  25          uchar getRand_SBUF()
  26          {
  27   1          return rand_SBUF;
  28   1      }
  29          
  30          void Serialinterrput() interrupt 4
  31          {
  32   1          if (RI)
  33   1          {
  34   2              RI = 0;
  35   2              rand_SBUF = SBUF;
  36   2              flag = 1;
  37   2          }   
  38   1      }
  39          
  40          void send_Byte(uchar byte)
  41          {
  42   1              //把形参发送出去
  43   1              SBUF = byte;
  44   1              //在传送数据过程中  TI为0
  45   1              //如果TI == 1,且取反
  46   1              while(!TI);
  47   1              TI = 0;
  48   1      }
  49          
  50          void send_string(uchar *str)
  51          {
  52   1              if (flag)
  53   1              {
  54   2                      while(*str != '\0')
C51 COMPILER V9.60.0.0   SERIAL                                                            01/03/2021 16:07:47 PAGE 2   

  55   2                      {
  56   3                              SBUF = *str++;
  57   3                              while (!TI);
  58   3                              TI = 0;
  59   3                      }
  60   2              }
  61   1              flag = 0;
  62   1      }


MODULE INFORMATION:   STATIC OVERLAYABLE
   CODE SIZE        =     94    ----
   CONSTANT SIZE    =   ----    ----
   XDATA SIZE       =   ----    ----
   PDATA SIZE       =   ----    ----
   DATA SIZE        =      2       3
   IDATA SIZE       =   ----    ----
   BIT SIZE         =   ----    ----
END OF MODULE INFORMATION.


C51 COMPILATION COMPLETE.  0 WARNING(S),  0 ERROR(S)
