C51 COMPILER V9.60.0.0   SREIAL_LED                                                        01/04/2021 21:28:53 PAGE 1   


C51 COMPILER V9.60.0.0, COMPILATION OF MODULE SREIAL_LED
OBJECT MODULE PLACED IN .\Objects\Sreial_LED.obj
COMPILER INVOKED BY: D:\Program Files (x86)\kwil 5\C51\BIN\C51.EXE Sreial_LED.c OPTIMIZE(8,SPEED) BROWSE INCDIR(.\Lib\IN
                    -C;.\Lib\INC\STC) DEBUG OBJECTEXTEND PRINT(.\Listings\Sreial_LED.lst) OBJECT(.\Objects\Sreial_LED.obj)

line level    source

   1          #include "Serial.h"
   2          #include "LED.h"
   3          
   4          uchar temp;
   5          uchar *LED1ON = "LED 1:ON\r\n";
   6          uchar *LED1OFF = "LED 1:OFF\r\n";
   7          uchar *LED2ON = "LED 2:ON\r\n";
   8          uchar *LED2OFF = "LED 2:OFF\r\n";
   9          uchar *LED3ON = "LED 3:ON\r\n";
  10          uchar *LED3OFF = "LED 3:OFF\r\n";
  11          uchar *LED4ON = "LED 4:ON\r\n";
  12          uchar *LED4OFF = "LED 4:OFF\r\n";
  13          uchar *LED5ON = "LED 5:ON\r\n";
  14          uchar *LED5OFF = "LED 5:OFF\r\n";
  15          uchar *LED6ON = "LED 6:ON\r\n";
  16          uchar *LED6OFF = "LED 6:OFF\r\n";
  17          uchar *LED7ON = "LED 7:ON\r\n";
  18          uchar *LED7OFF = "LED 7:OFF\r\n";
  19          uchar *LED8ON = "LED 8:ON\r\n";
  20          uchar *LED8OFF = "LED 8:OFF\r\n";
  21          
  22          uchar code SMG_duan[] = {
  23          0xC0,0xF9,0xA4,0xB0,0x99,0x92,0x82,0xF8,
  24          0x80,0x90,0x88,0x83,0xC6,0xA1,0x86,0x8E};
  25          // uchar code SMG_wei[] = {0xFE,0xFD,0xFB,0xF7};
  26          uchar code SMG_wei[] = {0xEF,0xDF,0xBF,0x7F};
  27          
  28          uchar SMG = 0;
  29          
  30          void main()
  31          {
  32   1          Serial_Init();
  33   1          while(1)
  34   1          {
  35   2              DigDisplay(SMG);
  36   2              switch (getRand_SBUF())
  37   2              {
  38   3              case '1':
  39   3                  LED1 = ~LED1;
  40   3                  SMG = 1;
  41   3                  if (LED1)
  42   3                  {
  43   4                      SMG = 0;
  44   4                      send_String(LED1OFF);
  45   4                  }
  46   3                  send_String(LED1ON);
  47   3                  break;
  48   3              case '2':
  49   3                  LED2 = ~LED2;
  50   3                  SMG = 2;
  51   3                  if (LED2)
  52   3                  {
  53   4                      send_String(LED2OFF);
  54   4                      SMG = 0;
C51 COMPILER V9.60.0.0   SREIAL_LED                                                        01/04/2021 21:28:53 PAGE 2   

  55   4                  }
  56   3                  send_String(LED2ON);
  57   3                  break;
  58   3              case '3':
  59   3                  LED3 = ~LED3;
  60   3                  SMG = 3;
  61   3                  if (LED3)
  62   3                  {
  63   4                      send_String(LED3OFF);
  64   4                      SMG = 0;
  65   4                  }
  66   3                  send_String(LED3ON);
  67   3                  break;
  68   3              case '4':
  69   3                  LED4 = ~LED4;
  70   3                  
  71   3                  SMG = 4;
  72   3                  if (LED4)
  73   3                  {
  74   4                      send_String(LED4OFF);
  75   4                      SMG = 0;
  76   4                  }
  77   3                  send_String(LED4ON);
  78   3                  break;
  79   3              case '5':
  80   3                  LED5 = ~LED5;
  81   3                  
  82   3                  SMG = 5;
  83   3                  if (LED5)
  84   3                  {
  85   4                      send_String(LED5OFF);
  86   4                      SMG = 0;
  87   4                  }
  88   3                  send_String(LED5ON);
  89   3                  break;
  90   3              case '6':
  91   3                  LED6 = ~LED6;
  92   3                  
  93   3                  SMG = 6;
  94   3                  if (LED6)
  95   3                  {
  96   4                      send_String(LED6OFF);
  97   4                      SMG = 0;
  98   4                  }
  99   3                  send_String(LED6ON);
 100   3                  break;
 101   3              case '7':
 102   3                  LED7 = ~LED7;
 103   3                  SMG = 7;
 104   3                  if (LED7)
 105   3                  {
 106   4                      send_String(LED7OFF);
 107   4                      SMG = 0;
 108   4                  }
 109   3                  send_String(LED7ON);
 110   3                  
 111   3                  break;
 112   3              case '8':
 113   3                  LED8 = ~LED8;
 114   3                  SMG = 0;
 115   3                  if (LED8)
 116   3                  {
C51 COMPILER V9.60.0.0   SREIAL_LED                                                        01/04/2021 21:28:53 PAGE 3   

 117   4                      send_String(LED8OFF);
 118   4                      SMG = 0;
 119   4                  }
 120   3                  send_String(LED8ON);
 121   3                  break;
 122   3              }
 123   2          }
 124   1      }
 125          
 126          void DigDisplay(uchar num)
 127          {
 128   1              unsigned char i;
 129   1              unsigned int j;
 130   1              int gewei,shiwei,baiwei,qianwei;
 131   1              
 132   1              gewei = num % 10;
 133   1              shiwei = num / 10 % 10;
 134   1              baiwei = num / 100 % 10;
 135   1              qianwei = num / 1000;
 136   1              
 137   1              for(i=0; i<4; i++)
 138   1              {
 139   2                      weixuan = SMG_wei[i];
 140   2                      duanxuan = 0xff;
 141   2                      if(i == 3)
 142   2                      {
 143   3                              duanxuan = SMG_duan[gewei];
 144   3                      }
 145   2                      if(i == 2)
 146   2                      {
 147   3                              duanxuan = SMG_duan[shiwei];
 148   3              }
 149   2                      if(i == 1)
 150   2                      {
 151   3                              duanxuan = SMG_duan[baiwei];
 152   3              }
 153   2                      if(i == 0)
 154   2                      {
 155   3                              duanxuan = SMG_duan[qianwei];
 156   3                      }
 157   2                      j=10;
 158   2                      while(j--);
 159   2                      duanxuan=0xff;
 160   2              }
 161   1      }


MODULE INFORMATION:   STATIC OVERLAYABLE
   CODE SIZE        =    478    ----
   CONSTANT SIZE    =    204    ----
   XDATA SIZE       =   ----    ----
   PDATA SIZE       =   ----    ----
   DATA SIZE        =     50       8
   IDATA SIZE       =   ----    ----
   BIT SIZE         =   ----    ----
END OF MODULE INFORMATION.


C51 COMPILATION COMPLETE.  0 WARNING(S),  0 ERROR(S)
